<?xml version="1.0" encoding="UTF-8"?>
<testng-results skipped="0" failed="1" total="2" passed="1">
  <reporter-output>
  </reporter-output>
  <suite name="Default suite" duration-ms="306" started-at="2018-09-18T07:22:37Z" finished-at="2018-09-18T07:22:37Z">
    <groups>
    </groups>
    <test name="Default test" duration-ms="306" started-at="2018-09-18T07:22:37Z" finished-at="2018-09-18T07:22:37Z">
      <class name="com.zhuhaibing.baoko.test.MyCookiesForPost">
        <test-method status="PASS" signature="beforeTest()[pri:0, instance:com.zhuhaibing.baoko.test.MyCookiesForPost@39aeed2f]" name="beforeTest" is-config="true" duration-ms="5" started-at="2018-09-18T15:22:37Z" finished-at="2018-09-18T15:22:37Z">
          <reporter-output>
          </reporter-output>
        </test-method> <!-- beforeTest -->
        <test-method status="PASS" signature="testGetCookies()[pri:0, instance:com.zhuhaibing.baoko.test.MyCookiesForPost@39aeed2f]" name="testGetCookies" duration-ms="277" started-at="2018-09-18T15:22:37Z" finished-at="2018-09-18T15:22:37Z">
          <reporter-output>
          </reporter-output>
        </test-method> <!-- testGetCookies -->
        <test-method status="FAIL" signature="testPostMethod()[pri:0, instance:com.zhuhaibing.baoko.test.MyCookiesForPost@39aeed2f]" name="testPostMethod" duration-ms="12" started-at="2018-09-18T15:22:37Z" depends-on-methods="com.zhuhaibing.baoko.test.MyCookiesForPost.testGetCookies" finished-at="2018-09-18T15:22:37Z">
          <exception class="org.json.JSONException">
            <message>
              <![CDATA[A JSONObject text must begin with '{' at 1 [character 2 line 1]]]>
            </message>
            <full-stacktrace>
              <![CDATA[org.json.JSONException: A JSONObject text must begin with '{' at 1 [character 2 line 1]
	at org.json.JSONTokener.syntaxError(JSONTokener.java:451)
	at org.json.JSONObject.<init>(JSONObject.java:196)
	at org.json.JSONObject.<init>(JSONObject.java:320)
	at com.zhuhaibing.baoko.test.MyCookiesForPost.testPostMethod(MyCookiesForPost.java:107)
	at sun.reflect.NativeMethodAccessorImpl.invoke0(Native Method)
	at sun.reflect.NativeMethodAccessorImpl.invoke(Unknown Source)
	at sun.reflect.DelegatingMethodAccessorImpl.invoke(Unknown Source)
	at java.lang.reflect.Method.invoke(Unknown Source)
	at org.testng.internal.MethodInvocationHelper.invokeMethod(MethodInvocationHelper.java:85)
	at org.testng.internal.Invoker.invokeMethod(Invoker.java:639)
	at org.testng.internal.Invoker.invokeTestMethod(Invoker.java:821)
	at org.testng.internal.Invoker.invokeTestMethods(Invoker.java:1131)
	at org.testng.internal.TestMethodWorker.invokeTestMethods(TestMethodWorker.java:125)
	at org.testng.internal.TestMethodWorker.run(TestMethodWorker.java:108)
	at org.testng.TestRunner.privateRun(TestRunner.java:773)
	at org.testng.TestRunner.run(TestRunner.java:623)
	at org.testng.SuiteRunner.runTest(SuiteRunner.java:357)
	at org.testng.SuiteRunner.runSequentially(SuiteRunner.java:352)
	at org.testng.SuiteRunner.privateRun(SuiteRunner.java:310)
	at org.testng.SuiteRunner.run(SuiteRunner.java:259)
	at org.testng.SuiteRunnerWorker.runSuite(SuiteRunnerWorker.java:52)
	at org.testng.SuiteRunnerWorker.run(SuiteRunnerWorker.java:86)
	at org.testng.TestNG.runSuitesSequentially(TestNG.java:1185)
	at org.testng.TestNG.runSuitesLocally(TestNG.java:1110)
	at org.testng.TestNG.run(TestNG.java:1018)
	at org.testng.remote.AbstractRemoteTestNG.run(AbstractRemoteTestNG.java:114)
	at org.testng.remote.RemoteTestNG.initAndRun(RemoteTestNG.java:251)
	at org.testng.remote.RemoteTestNG.main(RemoteTestNG.java:77)
]]>
            </full-stacktrace>
          </exception> <!-- org.json.JSONException -->
          <reporter-output>
          </reporter-output>
        </test-method> <!-- testPostMethod -->
      </class> <!-- com.zhuhaibing.baoko.test.MyCookiesForPost -->
    </test> <!-- Default test -->
  </suite> <!-- Default suite -->
</testng-results>
